<?xml version="1.0" encoding="UTF-8"?>
<testsuite name="ohtu.verkkokauppa.KauppaTest" tests="3" skipped="0" failures="0" errors="0" timestamp="2020-11-23T09:36:44" hostname="Aleksis-MacBook-Pro-2.local" time="0.504">
  <properties/>
  <testcase name="ostoksenPaaytyttyaPankinMetodiaTilisiirtoKutsutaanKunOstetaanKaksiTuotetta" classname="ohtu.verkkokauppa.KauppaTest" time="0.495"/>
  <testcase name="ostoksenPaaytyttyaPankinMetodiaTilisiirtoKutsutaanKunOstetaanTuoteJokaLoppu" classname="ohtu.verkkokauppa.KauppaTest" time="0.005"/>
  <testcase name="ostoksenPaaytyttyaPankinMetodiaTilisiirtoKutsutaan" classname="ohtu.verkkokauppa.KauppaTest" time="0.003"/>
  <system-out><![CDATA[]]></system-out>
  <system-err><![CDATA[]]></system-err>
</testsuite>
